Using pre-set license
Built from 'tuanjie/1.8/staging' branch; Version is '2022.3.62t6 (f6c5a11f8fe3) revision 16172449'; Using compiler version '192829333'; Build Type 'Release'
OS: 'Windows 11  (10.0.26200) 64bit CoreCountrySpecific' Language: 'zh' Physical Memory: 32373 MB
BatchMode: 1, IsHumanControllingUs: 0, StartBugReporterOnCrash: 0, Is64bit: 1, IsPro: 1

COMMAND LINE ARGUMENTS:
D:\Unity_Hub\tuanjie_hub\2022.3.62t6\Editor\Tuanjie.exe
-adb2
-batchMode
-noUpm
-disableFMOD
-name
AssetImportWorker1
-projectPath
D:/Unity_Hub/projects/Marine-USV-Sim/Project/Maritime Unmanned Surface Vehicle Simulation
-logFile
Logs/AssetImportWorker1.log
-srvPort
53909
Successfully changed project path to: D:/Unity_Hub/projects/Marine-USV-Sim/Project/Maritime Unmanned Surface Vehicle Simulation
D:/Unity_Hub/projects/Marine-USV-Sim/Project/Maritime Unmanned Surface Vehicle Simulation
[Memory] Configuration Parameters - Can be set up in boot.config
    "memorysetup-bucket-allocator-granularity=16"
    "memorysetup-bucket-allocator-bucket-count=8"
    "memorysetup-bucket-allocator-block-size=33554432"
    "memorysetup-bucket-allocator-block-count=8"
    "memorysetup-main-allocator-block-size=16777216"
    "memorysetup-thread-allocator-block-size=16777216"
    "memorysetup-gfx-main-allocator-block-size=16777216"
    "memorysetup-gfx-thread-allocator-block-size=16777216"
    "memorysetup-cache-allocator-block-size=4194304"
    "memorysetup-typetree-allocator-block-size=2097152"
    "memorysetup-profiler-bucket-allocator-granularity=16"
    "memorysetup-profiler-bucket-allocator-bucket-count=8"
    "memorysetup-profiler-bucket-allocator-block-size=33554432"
    "memorysetup-profiler-bucket-allocator-block-count=8"
    "memorysetup-profiler-allocator-block-size=16777216"
    "memorysetup-profiler-editor-allocator-block-size=1048576"
    "memorysetup-temp-allocator-size-main=16777216"
    "memorysetup-job-temp-allocator-block-size=2097152"
    "memorysetup-job-temp-allocator-block-size-background=1048576"
    "memorysetup-job-temp-allocator-reduction-small-platforms=262144"
    "memorysetup-allocator-temp-initial-block-size-main=262144"
    "memorysetup-allocator-temp-initial-block-size-worker=262144"
    "memorysetup-temp-allocator-size-background-worker=32768"
    "memorysetup-temp-allocator-size-job-worker=262144"
    "memorysetup-temp-allocator-size-preload-manager=33554432"
    "memorysetup-temp-allocator-size-nav-mesh-worker=65536"
    "memorysetup-temp-allocator-size-audio-worker=65536"
    "memorysetup-temp-allocator-size-cloud-worker=32768"
    "memorysetup-temp-allocator-size-gi-baking-worker=262144"
    "memorysetup-temp-allocator-size-gfx=262144"
Player connection [19860]  Target information:

Player connection [19860]  * "[IP] 10.99.210.46 [Port] 0 [Flags] 2 [Guid] 2127455402 [EditorId] 2127455402 [Version] 1048832 [Id] WindowsEditor(7,LAPTOP-7JDLN1K1) [Debug] 1 [PackageName] WindowsEditor [ProjectName] Editor" 

Player connection [19860] Host joined multi-casting on [225.0.0.222:54997]...
Player connection [19860] Host joined alternative multi-casting on [225.0.0.222:34997]...
Input System module state changed to: Initialized.
AS: AutoStreaming module initializing.
[LiveLink] LiveLink library is loaded successfully. Initializing...
InitScreenManager.Refreshing native plugins compatible for Editor in 19.84 ms, found 4 plugins.
Preloading 0 native plugins for Editor in 0.00 ms.
Initialize engine version: 2022.3.62t6 (f6c5a11f8fe3)
[Subsystems] Discovering subsystems at path D:/Unity_Hub/tuanjie_hub/2022.3.62t6/Editor/Data/Resources/UnitySubsystems
[Subsystems] Discovering subsystems at path D:/Unity_Hub/projects/Marine-USV-Sim/Project/Maritime Unmanned Surface Vehicle Simulation/Assets
GfxDevice: creating device client; threaded=0; jobified=0
Direct3D:
    Version:  Direct3D 11.0 [level 11.1]
    Renderer: Intel(R) Arc(TM) Graphics (ID=0x7d55)
    Vendor:   Intel
    VRAM:     16186 MB
    Driver:   32.0.101.5768
Initialize mono
Mono path[0] = 'D:/Unity_Hub/tuanjie_hub/2022.3.62t6/Editor/Data/Managed'
Mono path[1] = 'D:/Unity_Hub/tuanjie_hub/2022.3.62t6/Editor/Data/MonoBleedingEdge/lib/mono/unityjit-win32'
Mono config path = 'D:/Unity_Hub/tuanjie_hub/2022.3.62t6/Editor/Data/MonoBleedingEdge/etc'
Using monoOptions --debugger-agent=transport=dt_socket,embedding=1,server=y,suspend=n,address=0.0.0.0:56700
Begin MonoManager ReloadAssembly
Registering precompiled tuanjie dll's ...
Register platform support module: D:/Unity_Hub/tuanjie_hub/2022.3.62t6/Editor/Data/PlaybackEngines/WindowsStandaloneSupport/UnityEditor.WindowsStandalone.Extensions.dll
Registered in 0.003158 seconds.
- Loaded All Assemblies, in  0.356 seconds
Native extension for WindowsStandalone target not found
Mono: successfully reloaded assembly
- Finished resetting the current domain, in  0.245 seconds
Domain Reload Profiling: 602ms
	BeginReloadAssembly (133ms)
		ExecutionOrderSort (0ms)
		DisableScriptedObjects (0ms)
		BackupInstance (0ms)
		ReleaseScriptingObjects (0ms)
		CreateAndSetChildDomain (1ms)
	RebuildCommonClasses (31ms)
	RebuildNativeTypeToScriptingClass (10ms)
	initialDomainReloadingComplete (44ms)
	LoadAllAssembliesAndSetupDomain (138ms)
		LoadAssemblies (133ms)
		RebuildTransferFunctionScriptingTraits (0ms)
		AnalyzeDomain (136ms)
			TypeCache.Refresh (134ms)
				TypeCache.ScanAssembly (120ms)
			ScanForSourceGeneratedMonoScriptInfo (0ms)
			ResolveRequiredComponents (0ms)
	FinalizeReload (246ms)
		ReleaseScriptCaches (0ms)
		RebuildScriptCaches (0ms)
		SetupLoadedEditorAssemblies (197ms)
			LogAssemblyErrors (0ms)
			InitializePlatformSupportModulesInManaged (10ms)
			SetLoadedEditorAssemblies (7ms)
			RefreshPlugins (0ms)
			BeforeProcessingInitializeOnLoad (2ms)
			ProcessInitializeOnLoadAttributes (157ms)
			ProcessInitializeOnLoadMethodAttributes (21ms)
			AfterProcessingInitializeOnLoad (0ms)
			EditorAssembliesLoaded (0ms)
		ExecutionOrderSort2 (0ms)
		AwakeInstancesAfterBackupRestoration (0ms)
========================================================================
Worker process is ready to serve import requests
Caller must complete domain reload
Begin MonoManager ReloadAssembly
- Loaded All Assemblies, in  0.775 seconds
Native extension for WindowsStandalone target not found
Mono: successfully reloaded assembly
- Finished resetting the current domain, in  1.067 seconds
Domain Reload Profiling: 1842ms
	BeginReloadAssembly (168ms)
		ExecutionOrderSort (0ms)
		DisableScriptedObjects (5ms)
		BackupInstance (0ms)
		ReleaseScriptingObjects (0ms)
		CreateAndSetChildDomain (21ms)
	RebuildCommonClasses (30ms)
	RebuildNativeTypeToScriptingClass (10ms)
	initialDomainReloadingComplete (34ms)
	LoadAllAssembliesAndSetupDomain (533ms)
		LoadAssemblies (397ms)
		RebuildTransferFunctionScriptingTraits (0ms)
		AnalyzeDomain (254ms)
			TypeCache.Refresh (218ms)
				TypeCache.ScanAssembly (201ms)
			ScanForSourceGeneratedMonoScriptInfo (24ms)
			ResolveRequiredComponents (8ms)
	FinalizeReload (1068ms)
		ReleaseScriptCaches (0ms)
		RebuildScriptCaches (0ms)
		SetupLoadedEditorAssemblies (905ms)
			LogAssemblyErrors (0ms)
			InitializePlatformSupportModulesInManaged (5ms)
			SetLoadedEditorAssemblies (5ms)
			RefreshPlugins (0ms)
			BeforeProcessingInitializeOnLoad (68ms)
			ProcessInitializeOnLoadAttributes (503ms)
			ProcessInitializeOnLoadMethodAttributes (323ms)
			AfterProcessingInitializeOnLoad (2ms)
			EditorAssembliesLoaded (0ms)
		ExecutionOrderSort2 (0ms)
		AwakeInstancesAfterBackupRestoration (9ms)
Refreshing native plugins compatible for Editor in 6.94 ms, found 4 plugins.
Preloading 0 native plugins for Editor in 0.00 ms.
Unloading 6696 Unused Serialized files (Serialized files now loaded: 0)
Unloading 48 unused Assets / (3.6 MB). Loaded Objects now: 7194.
Memory consumption went from 266.9 MB to 263.3 MB.
Total: 5.483100 ms (FindLiveObjects: 0.524000 ms CreateObjectMapping: 0.219900 ms MarkObjects: 4.030900 ms  DeleteObjects: 0.706800 ms)

AssetImportParameters requested are different than current active one (requested -> active):
  custom:container-demuxer-ogg: 62fdf1f143b41e24485cea50d1cbac27 -> 
  custom:framework-win-MediaFoundation: 216162199b28c13a410421893ffa2e32 -> 
  custom:container-muxer-webm: aa71ff27fc2769a1b78a27578f13a17b -> 
  custom:video-decoder-webm-vp8: 9c59270c3fd7afecdb556c50c9e8de78 -> 
  custom:SearchIndexIgnoredProperties: e643bd26f0fe6173181afceb89e7c659 -> 
  custom:AudioImporter_EditorPlatform: d09bf68614088b80899f8185d706f6e7 -> 
  custom:audio-decoder-ogg-vorbis: bf7c407c2cedff20999df2af8eb42d56 -> 
  custom:audio-encoder-webm-vorbis: bf7c407c2cedff20999df2af8eb42d56 -> 
  custom:video-codec-MediaFoundation-h265: 746d11721c4dcdbdad8f713fa42b33f4 -> 
  custom:video-decoder-ogg-theora: a1e56fd34408186e4bbccfd4996cb3dc -> 
  custom:CustomObjectIndexerAttribute: 299a746012abc5adb0180d4ccda8d3ad -> 
  custom:container-demuxer-webm: 4f35f7cbe854078d1ac9338744f61a02 -> 
  custom:video-encoder-webm-vp8: eb34c28f22e8b96e1ab97ce403110664 -> 
========================================================================
Received Import Request.
  Time since last request: 304563.926604 seconds.
  path: Assets/Alstra Infinite/Boats LowPoly/Models/Scout_Boat.fbx
  artifactKey: Guid(9b7cc2e501ae9c546b416e06ed63191b) Importer(PreviewImporter)
Start importing Assets/Alstra Infinite/Boats LowPoly/Models/Scout_Boat.fbx using Guid(9b7cc2e501ae9c546b416e06ed63191b) Importer(PreviewImporter) Launched and connected shader compiler TuanjieShaderCompiler.exe after 0.04 seconds
 -> (artifact id: 'e5b613078f0be514e09b456534a490b4') in 1.467598 seconds
Number of asset objects unloaded after import = 63
========================================================================
Received Import Request.
  Time since last request: 202.857994 seconds.
  path: Assets/Alstra Infinite/Boats LowPoly/Prefabs/1.2 Version/Scout_Boat.prefab
  artifactKey: Guid(3d9d4bacfc8405d499551cf7af3a3c41) Importer(PreviewImporter)
Start importing Assets/Alstra Infinite/Boats LowPoly/Prefabs/1.2 Version/Scout_Boat.prefab using Guid(3d9d4bacfc8405d499551cf7af3a3c41) Importer(PreviewImporter)  -> (artifact id: '53c8d4b1fc9696211ae1d80183f25a2b') in 0.072791 seconds
Number of asset objects unloaded after import = 11
========================================================================
Received Import Request.
  Time since last request: 377.762287 seconds.
  path: Assets/Models/tree/textures/TreeGenerator_Material.002_Normal.png
  artifactKey: Guid(384c270d05265d744afaaf2b7e7e86ae) Importer(PreviewImporter)
Start importing Assets/Models/tree/textures/TreeGenerator_Material.002_Normal.png using Guid(384c270d05265d744afaaf2b7e7e86ae) Importer(PreviewImporter)  -> (artifact id: 'c689da4c1e55970fd4278048ce4a6346') in 0.041380 seconds
Number of asset objects unloaded after import = 2
========================================================================
Received Import Request.
  Time since last request: 0.000135 seconds.
  path: Assets/Models/tree/textures/untitled.png
  artifactKey: Guid(5c5e1d163cd367c41969bf2e0a0400d3) Importer(PreviewImporter)
Start importing Assets/Models/tree/textures/untitled.png using Guid(5c5e1d163cd367c41969bf2e0a0400d3) Importer(PreviewImporter)  -> (artifact id: '61f431932d55db54fa3f53fd5081f7b7') in 0.009639 seconds
Number of asset objects unloaded after import = 2
